WARNING:2023-04-19 16:43:08,716:app:Starting the db connection to add guests in room_id in the rooms table
ERROR:2023-04-19 16:43:08,717:settings:Error occurred: not all arguments converted during string formatting
WARNING:2023-04-19 16:43:41,133:app:Starting the db connection to add guests in room_id in the rooms table
ERROR:2023-04-19 16:43:41,340:settings:Error occurred: null value in column "room_id" violates not-null constraint
DETAIL:  Failing row contains (null, 4, 1RK, uncleaned, unbooked).

WARNING:2023-04-19 16:45:05,450:app:Starting the db connection to add guests in room_id in the rooms table
INFO:2023-04-19 16:45:05,645:app:Guest with id 4 has been shifted to room id 104
WARNING:2023-04-19 16:45:05,645:app:Hence room details added, closing the connection
WARNING:2023-04-19 16:46:46,089:app:Starting the db connection to update payment status of room in the list
INFO:2023-04-19 16:46:46,218:app:Payment Status updated to done of room no. 1
WARNING:2023-04-19 16:46:46,218:app:Hence status updated, closing the connection
WARNING:2023-04-19 16:47:01,916:app:Starting the db connection to update payment status of room in the list
INFO:2023-04-19 16:47:02,060:app:Payment Status updated to pending of room no. 2
WARNING:2023-04-19 16:47:02,061:app:Hence status updated, closing the connection
WARNING:2023-04-19 16:47:09,851:app:Starting the db connection to update payment status of room in the list
INFO:2023-04-19 16:47:10,096:app:Payment Status updated to done of room no. 3
WARNING:2023-04-19 16:47:10,096:app:Hence status updated, closing the connection
WARNING:2023-04-19 16:48:15,227:app:Starting the db connection to update payment status of room in the list
INFO:2023-04-19 16:48:15,384:app:Payment Status updated to done of room no. 1
WARNING:2023-04-19 16:48:15,385:app:Hence status updated, closing the connection
WARNING:2023-04-19 16:48:26,056:app:Starting the db connection to update payment status of room in the list
INFO:2023-04-19 16:48:26,221:app:Payment Status updated to pending of room no. 2
WARNING:2023-04-19 16:48:26,221:app:Hence status updated, closing the connection
WARNING:2023-04-19 16:48:31,559:app:Starting the db connection to update payment status of room in the list
INFO:2023-04-19 16:48:31,731:app:Payment Status updated to done of room no. 3
WARNING:2023-04-19 16:48:31,731:app:Hence status updated, closing the connection
WARNING:2023-04-19 16:49:57,679:app:Starting the db connection to update payment status of room in the list
WARNING:2023-04-19 16:50:04,309:app:Starting the db connection to update payment status of room in the list
INFO:2023-04-19 16:50:04,483:app:Payment Status updated to done of room no. 101
WARNING:2023-04-19 16:50:04,483:app:Hence status updated, closing the connection
WARNING:2023-04-19 16:50:13,335:app:Starting the db connection to update payment status of room in the list
INFO:2023-04-19 16:50:13,507:app:Payment Status updated to pending of room no. 102
WARNING:2023-04-19 16:50:13,507:app:Hence status updated, closing the connection
WARNING:2023-04-19 16:50:20,062:app:Starting the db connection to update payment status of room in the list
INFO:2023-04-19 16:50:20,272:app:Payment Status updated to done of room no. 103
WARNING:2023-04-19 16:50:20,272:app:Hence status updated, closing the connection
WARNING:2023-04-19 16:52:53,389:app:Starting the db connection to display all payment_status of all guests in the list
ERROR:2023-04-19 16:52:53,591:settings:Error occurred: column "status" does not exist
LINE 1: ...CT guest_details, payment_status FROM hotel WHERE status = '...
                                                             ^

WARNING:2023-04-19 16:53:25,740:app:Starting the db connection to display all payment_status of all guests in the list
INFO:2023-04-19 16:53:25,865:app:Displayed list of all guests in the list
WARNING:2023-04-19 16:53:25,865:app:Hence status checked, closing the connection
WARNING:2023-04-19 16:57:32,406:app:Starting the db connection to update the details 
INFO:2023-04-19 16:57:32,649:app:Details updated: {'details': {'name': 'Gaara', 'mobile_no': 221109884, 'city': 'Sand Village'}}
WARNING:2023-04-19 16:57:32,649:app:Hence details updated, closing the connection
WARNING:2023-04-19 17:03:19,585:app:Starting the db connection to generate bill of guests
INFO:2023-04-19 17:03:19,707:app:Bill generated of guests with id no.1 in the list
WARNING:2023-04-19 17:03:19,707:app:Hence bill generated, closing the connection
WARNING:2023-04-19 17:05:04,544:app:Starting the db connection to update the details 
INFO:2023-04-19 17:05:04,801:app:Details updated: {'room_type': '3BHK'}
WARNING:2023-04-19 17:05:04,801:app:Hence room details updated, closing the connection
WARNING:2023-04-19 17:05:28,311:app:Starting the db connection to update the details 
INFO:2023-04-19 17:05:28,492:app:Details updated: {'room_type': '2BHK'}
WARNING:2023-04-19 17:05:28,492:app:Hence room details updated, closing the connection
WARNING:2023-04-19 17:11:46,864:app:Starting the db connection to display all guests in the list
INFO:2023-04-19 17:11:46,996:app:Displayed list of all guests and rooms with details in the list
WARNING:2023-04-19 17:11:46,996:app:Hence list showed, closing the connection
WARNING:2023-04-19 17:11:46,996:app:Hence list showed, closing the connection
WARNING:2023-04-19 17:12:32,372:app:Starting the db connection to display all guests in the list
INFO:2023-04-19 17:12:32,511:app:Displayed list of all guests and rooms with details in the list
WARNING:2023-04-19 17:12:32,511:app:Hence list showed, closing the connection
WARNING:2023-04-19 17:12:32,511:app:Hence list showed, closing the connection
